\BOOKMARK [0][-]{chapter.1}{\376\377\000W\000s\000t\001\031\000p}{}% 1
\BOOKMARK [1][-]{section.1.1}{\376\377\000C\000e\000l\000\040\000p\000r\000a\000c\000y}{chapter.1}% 2
\BOOKMARK [1][-]{section.1.2}{\376\377\000Z\000a\000w\000a\000r\000t\000o\001\133\001\007\000\040\000p\000r\000a\000c\000y}{chapter.1}% 3
\BOOKMARK [0][-]{chapter.2}{\376\377\000M\000o\000d\000e\000l\000o\000w\000a\000n\000i\000e\000\040\000m\000a\000n\000i\000p\000u\000l\000a\000t\000o\000r\000a\000\040\000I\000R\000b\000-\0006}{}% 4
\BOOKMARK [1][-]{section.2.1}{\376\377\000Z\000a\000s\000a\000d\000a\000\040\000N\000a\000j\000m\000n\000i\000e\000j\000s\000z\000e\000g\000o\000\040\000D\000z\000i\000a\001\102\000a\000n\000i\000a}{chapter.2}% 5
\BOOKMARK [1][-]{section.2.2}{\376\377\000D\000y\000n\000a\000m\000i\000k\000a\000\040\000m\000a\000n\000i\000p\000u\000l\000a\000t\000o\000r\000a\000\040\000I\000R\000b\000-\0006}{chapter.2}% 6
\BOOKMARK [1][-]{section.2.3}{\376\377\000K\000i\000n\000e\000m\000a\000t\000y\000k\000a\000\040\000m\000a\000n\000i\000p\000u\000l\000a\000t\000o\000r\000a\000\040\000I\000R\000b\000-\0006\000\040\000w\000e\000d\001\102\000u\000g\000\040\000D\000e\000n\000a\000v\000i\000t\000a\000-\000H\000a\000r\000t\000e\000n\000b\000e\000r\000g\000a}{chapter.2}% 7
\BOOKMARK [0][-]{chapter.3}{\376\377\000A\000l\000g\000o\000r\000y\000t\000m\000\040\000o\000d\000s\000p\000r\000z\001\031\000g\000a\000n\000i\000a\000\040\000w\000e\000j\001\133\000c\000i\000o\000w\000o\000-\000w\000y\000j\001\133\000c\000i\000o\000w\000e\000g\000o}{}% 8
\BOOKMARK [1][-]{section.3.1}{\376\377\000A\000f\000i\000n\000i\000c\000z\000n\000y\000\040\000u\000k\001\102\000a\000d\000\040\000s\000t\000e\000r\000o\000w\000a\000n\000i\000a}{chapter.3}% 9
\BOOKMARK [1][-]{section.3.2}{\376\377\000K\000o\000n\000f\000i\000g\000u\000r\000a\000c\000j\000e\000\040\000o\000s\000o\000b\000l\000i\000w\000e\000\040\000m\000a\000n\000i\000p\000u\000l\000a\000t\000o\000r\000a\000\040\000I\000R\000b\000-\0006}{chapter.3}% 10
\BOOKMARK [1][-]{section.3.3}{\376\377\000S\000t\000e\000r\000o\000w\000a\000n\000i\000e\000\040\000o\000d\000s\000p\000r\000z\001\031\000g\000a\000j\001\005\000c\000e\000\040\000i\000\040\000l\000i\000n\000e\000a\000r\000y\000z\000u\000j\001\005\000c\000e}{chapter.3}% 11
\BOOKMARK [0][-]{chapter.4}{\376\377\000S\000t\000e\000r\000o\000w\000a\000n\000i\000e\000\040\000u\000k\001\102\000a\000d\000e\000m\000\040\000o\000d\000s\000p\000r\000z\001\031\001\174\000o\000n\000y\000m}{}% 12
\BOOKMARK [1][-]{section.4.1}{\376\377\000G\000e\000n\000e\000r\000a\000t\000o\000r\000\040\000t\000r\000a\000j\000e\000k\000t\000o\000r\000i\000i\000\040\000z\000a\000d\000a\000n\000e\000j}{chapter.4}% 13
\BOOKMARK [1][-]{section.4.2}{\376\377\000R\000e\000g\000u\000l\000a\000c\000j\000a\000\040\000P\000D\000\040\000z\000\040\000k\000o\000r\000e\000k\000c\000j\001\005}{chapter.4}% 14
\BOOKMARK [0][-]{chapter.5}{\376\377\000B\000a\000d\000a\000n\000i\000a\000\040\000s\000y\000m\000u\000l\000a\000c\000y\000j\000n\000e}{}% 15
\BOOKMARK [1][-]{section.5.1}{\376\377\000W\000a\000r\000u\000n\000k\000i\000\040\000s\000y\000m\000u\000l\000a\000c\000y\000j\000n\000e}{chapter.5}% 16
\BOOKMARK [1][-]{section.5.2}{\376\377\000R\000u\000c\000h\000\040\000p\000r\000o\000s\000t\000o\000l\000i\000n\000i\000o\000w\000y}{chapter.5}% 17
\BOOKMARK [1][-]{section.5.3}{\376\377\000R\000u\000c\000h\000\040\000p\000o\000\040\000t\000r\000a\000j\000e\000k\000t\000o\000r\000i\000i\000\040\000w\000\040\000k\000s\000z\000t\000a\001\102\000c\000i\000e\000\040\000k\000w\000a\000d\000r\000a\000t\000u}{chapter.5}% 18
\BOOKMARK [1][-]{section.5.4}{\376\377\000R\000u\000c\000h\000\040\001\133\000r\000u\000b\000o\000w\000y}{chapter.5}% 19
\BOOKMARK [0][-]{chapter.6}{\376\377\000P\000o\000d\000s\000u\000m\000o\000w\000a\000n\000i\000e}{}% 20
\BOOKMARK [0][-]{chapter.6}{\376\377\000B\000i\000b\000l\000i\000o\000g\000r\000a\000f\000i\000a}{}% 21
